<?xml version="1.0" encoding="UTF-8"?>
<testng-results skipped="0" failed="0" total="2" passed="2">
  <reporter-output>
  </reporter-output>
  <suite name="Default suite" duration-ms="19485" started-at="2018-06-05T08:42:27Z" finished-at="2018-06-05T08:42:46Z">
    <groups>
    </groups>
    <test name="Default test" duration-ms="19485" started-at="2018-06-05T08:42:27Z" finished-at="2018-06-05T08:42:46Z">
      <class name="Community.componentsDevelopment">
        <test-method status="PASS" signature="excelPDFfiledeletion()[pri:0, instance:Community.componentsDevelopment@7823a2f9]" name="excelPDFfiledeletion" is-config="true" duration-ms="429" started-at="2018-06-05T14:12:27Z" finished-at="2018-06-05T14:12:27Z">
          <reporter-output>
          </reporter-output>
        </test-method> <!-- excelPDFfiledeletion -->
        <test-method status="PASS" signature="startReport()[pri:0, instance:Community.componentsDevelopment@7823a2f9]" name="startReport" is-config="true" duration-ms="205" started-at="2018-06-05T14:12:27Z" finished-at="2018-06-05T14:12:27Z">
          <reporter-output>
          </reporter-output>
        </test-method> <!-- startReport -->
        <test-method status="PASS" signature="FindControls()[pri:1, instance:Community.componentsDevelopment@7823a2f9]" name="FindControls" duration-ms="17361" started-at="2018-06-05T14:12:27Z" finished-at="2018-06-05T14:12:45Z">
          <reporter-output>
          </reporter-output>
        </test-method> <!-- FindControls -->
        <test-method status="PASS" signature="keywordTest()[pri:2, instance:Community.componentsDevelopment@7823a2f9]" name="keywordTest" duration-ms="1579" started-at="2018-06-05T14:12:45Z" finished-at="2018-06-05T14:12:46Z">
          <reporter-output>
          </reporter-output>
        </test-method> <!-- keywordTest -->
        <test-method status="PASS" signature="endReport()[pri:0, instance:Community.componentsDevelopment@7823a2f9]" name="endReport" is-config="true" duration-ms="323" started-at="2018-06-05T14:12:46Z" finished-at="2018-06-05T14:12:46Z">
          <reporter-output>
          </reporter-output>
        </test-method> <!-- endReport -->
      </class> <!-- Community.componentsDevelopment -->
    </test> <!-- Default test -->
  </suite> <!-- Default suite -->
</testng-results>
